<?xml version="1.0" encoding="UTF-8"?>
<!-- Generated by org.testng.reporters.JUnitReportReporter -->
<testsuite hostname="n-Extensa-2530" failures="0" tests="5" name="com.epam.gomel.homework.GirlTest" time="0.001" errors="0" timestamp="6 Jun 2020 17:43:31 GMT">
  <testcase classname="com.epam.gomel.homework.GirlTest" name="isBoyFriendWillBuyNewShoes" time="0.000"/>
  <testcase classname="com.epam.gomel.homework.GirlTest" name="isBoyfriendRich" time="0.000"/>
  <testcase classname="com.epam.gomel.homework.GirlTest" name="getMood" time="0.000"/>
  <testcase classname="com.epam.gomel.homework.GirlTest" name="spendBoyFriendMoney" time="0.001"/>
  <testcase classname="com.epam.gomel.homework.GirlTest" name="isSlimFriendBecameFat" time="0.000"/>
</testsuite> <!-- com.epam.gomel.homework.GirlTest -->
